[32m[1mPrecompiling[22m[39m packages...
   3355.8 ms[32m  ✓ [39mSOCRATESSingleColumnForcings
  1 dependency successfully precompiled in 4 seconds. 78 already precompiled.
[36m[1m[ [22m[39m[36m[1mInfo: [22m[39mSetupBuildDirectory: setting up build directory.
[36m[1m[ [22m[39m[36m[1mInfo: [22m[39mDoctest: running doctests.
[36m[1m[ [22m[39m[36m[1mInfo: [22m[39mExpandTemplates: expanding markdown templates.
[36m[1m[ [22m[39m[36m[1mInfo: [22m[39mCrossReferences: building cross-references.
[36m[1m[ [22m[39m[36m[1mInfo: [22m[39mCheckDocument: running document checks.
[33m[1m┌ [22m[39m[33m[1mWarning: [22m[39m21 docstrings not included in the manual:
[33m[1m│ [22m[39m
[33m[1m│ [22m[39m    SOCRATESSingleColumnForcings.LESOutput
[33m[1m│ [22m[39m    SOCRATESSingleColumnForcings.Interpolation.fast1d_safe_integrate :: Union{Tuple{T2}, Tuple{T1}, Tuple{SOCRATESSingleColumnForcings.Interpolation.Fast1DLinearInterpolant, T1, T2}} where {T1<:Real, T2<:Real}
[33m[1m│ [22m[39m    SOCRATESSingleColumnForcings.var_to_new_coord :: Union{Tuple{drop_collinear}, Tuple{interpolant_value_types}, Tuple{interpolant_coord_types}, Tuple{Any, Any, Union{Number, String}}, Tuple{Any, Any, Union{Number, String}, Type{interpolant_coord_types}}, Tuple{Any, Any, Union{Number, String}, Type{interpolant_coord_types}, Type{interpolant_value_types}}, Tuple{Any, Any, Union{Number, String}, Type{interpolant_coord_types}, Type{interpolant_value_types}, Val{drop_collinear}}} where {interpolant_coord_types<:Tuple, interpolant_value_types<:Tuple, drop_collinear}
[33m[1m│ [22m[39m    SOCRATESSingleColumnForcings.Interpolation.FastLinear1DInterpolationMethod
[33m[1m│ [22m[39m    SOCRATESSingleColumnForcings.combine_air_and_ground_data :: Tuple{Any, Any, Union{Int64, String}}
[33m[1m│ [22m[39m    SOCRATESSingleColumnForcings.interp_along_dim :: Union{Tuple{drop_collinear}, Tuple{interpolant_value_types}, Tuple{interpolant_coord_types}, Tuple{Any, Union{Int64, String}, Any}, Tuple{Any, Union{Int64, String}, Any, Type{interpolant_coord_types}}, Tuple{Any, Union{Int64, String}, Any, Type{interpolant_coord_types}, Type{interpolant_value_types}}, Tuple{Any, Union{Int64, String}, Any, Type{interpolant_coord_types}, Type{interpolant_value_types}, Val{drop_collinear}}} where {interpolant_coord_types<:Tuple, interpolant_value_types<:Tuple, drop_collinear}
[33m[1m│ [22m[39m    SOCRATESSingleColumnForcings.saturation_vapor_pressure_ice :: Union{Tuple{FT}, Tuple{SOCRATESSingleColumnForcings.DefaultThermodynamicsBackend, FT}} where FT
[33m[1m│ [22m[39m    SOCRATESSingleColumnForcings.initial_index :: Tuple{Any, Int64}
[33m[1m│ [22m[39m    SOCRATESSingleColumnForcings.saturation_vapor_pressure_liquid :: Union{Tuple{FT}, Tuple{SOCRATESSingleColumnForcings.DefaultThermodynamicsBackend, FT}} where FT
[33m[1m│ [22m[39m    SOCRATESSingleColumnForcings.align_along_dimension :: Tuple{Any, Any}
[33m[1m│ [22m[39m    SOCRATESSingleColumnForcings.ground_insertion_indices :: Tuple{AbstractArray, AbstractArray, Union{Int64, String}}
[33m[1m│ [22m[39m    SOCRATESSingleColumnForcings.lev_to_z_column_pTq :: Tuple{AbstractVector, AbstractVector, AbstractVector}
[33m[1m│ [22m[39m    SOCRATESSingleColumnForcings.AtlasInput
[33m[1m│ [22m[39m    SOCRATESSingleColumnForcings.lev_to_z :: NTuple{6, AbstractArray}
[33m[1m│ [22m[39m    SOCRATESSingleColumnForcings.swapaxes :: Tuple{Any, Any, Any}
[33m[1m│ [22m[39m    SOCRATESSingleColumnForcings.Interpolation.safe_integrate :: Union{Tuple{FT}, Tuple{Any, FT, FT}} where FT
[33m[1m│ [22m[39m    SOCRATESSingleColumnForcings.calc_qg_extrapolate_pq :: Tuple{Any, Any, Any}
[33m[1m│ [22m[39m    SOCRATESSingleColumnForcings.add_dim :: Tuple{Any, Any}
[33m[1m│ [22m[39m    SOCRATESSingleColumnForcings.regrid_source_t_old :: Union{Tuple{fix_rounding_error}, Tuple{SOCRATESSingleColumnForcings.LESOutput, Any}, Tuple{SOCRATESSingleColumnForcings.LESOutput, Any, Val{fix_rounding_error}}} where fix_rounding_error
[33m[1m│ [22m[39m    SOCRATESSingleColumnForcings.SOCRATESSingleColumnForcings
[33m[1m│ [22m[39m    SOCRATESSingleColumnForcings.regrid_to_z_and_time :: Union{Tuple{interpolant_value_types}, Tuple{interpolant_coord_types}, Tuple{Any, Any, Union{Number, String}, Union{Number, String}, Int64}, Tuple{Any, Any, Union{Number, String}, Union{Number, String}, Int64, Type{interpolant_coord_types}}, Tuple{Any, Any, Union{Number, String}, Union{Number, String}, Int64, Type{interpolant_coord_types}, Type{interpolant_value_types}}} where {interpolant_coord_types<:Tuple, interpolant_value_types<:Tuple}
[33m[1m│ [22m[39m
[33m[1m│ [22m[39mThese are docstrings in the checked modules (configured with the modules keyword)
[33m[1m│ [22m[39mthat are not included in canonical @docs or @autodocs blocks.
[33m[1m└ [22m[39m[90m@ Documenter ~/.julia/packages/Documenter/AXNMp/src/utilities/utilities.jl:49[39m
[36m[1m[ [22m[39m[36m[1mInfo: [22m[39mPopulate: populating indices.
[36m[1m[ [22m[39m[36m[1mInfo: [22m[39mRenderDocument: rendering document.
[36m[1m[ [22m[39m[36m[1mInfo: [22m[39mHTMLWriter: rendering HTML pages.
[36m[1m[ [22m[39m[36m[1mInfo: [22m[39mAutomatic `version="0.14.0"` for inventory from ../Project.toml
[33m[1m┌ [22m[39m[33m[1mWarning: [22m[39mDocumenter could not auto-detect the building environment. Skipping deployment.
[33m[1m└ [22m[39m[90m@ Documenter ~/.julia/packages/Documenter/AXNMp/src/deployconfig.jl:93[39m
exit=0
